{
  "RSpec": {
    "coverage": {
      "/home/ant_rubbo/tic-tac-toe-rb-ruby-apply-000/lib/tic_tac_toe.rb": [
        null,
        null,
        null,
        null,
        null,
        1,
        null,
        null,
        null,
        null,
        null,
        null,
        null,
        null,
        null,
        1,
        2,
        2,
        2,
        2,
        2,
        null,
        null,
        1,
        10,
        null,
        null,
        1,
        3,
        null,
        null,
        1,
        117,
        28,
        null,
        89,
        null,
        null,
        null,
        1,
        10,
        1,
        9,
        2,
        null,
        7,
        null,
        null,
        null,
        1,
        7,
        7,
        7,
        7,
        6,
        null,
        1,
        null,
        0,
        null,
        null,
        1,
        2,
        2,
        18,
        5,
        null,
        null,
        2,
        null,
        null,
        1,
        1,
        1,
        null,
        0,
        null,
        null,
        null,
        1,
        14,
        103,
        6,
        null,
        null,
        8,
        null,
        null,
        1,
        9,
        44,
        null,
        null,
        null,
        1,
        8,
        3,
        null,
        5,
        null,
        null,
        null,
        1,
        10036,
        10033,
        null,
        null,
        null,
        1,
        3,
        2,
        null,
        null,
        null,
        null,
        null,
        1,
        10037,
        10037,
        4,
        null,
        10032,
        null,
        null,
        null,
        null,
        null,
        null,
        null,
        null,
        null,
        null,
        null,
        null,
        null,
        null,
        null,
        null,
        null,
        null,
        null,
        null,
        null,
        null
      ]
    },
    "timestamp": 1599229971
  }
}
